Unity Editor version:    2020.3.26f1 (7298b473bc1a)
Branch:                  2020.3/staging
Build type:              Release
Batch mode:              YES
macOS version:           Version 14.1.2 (Build 23B92)
Darwin version:          23.1.0
Architecture:            x86_64
Running under Rosetta:   NO
Available memory:        8192 MB
Using pre-set license
Pro License: NO

COMMAND LINE ARGUMENTS:
/Applications/Unity/Hub/Editor/2020.3.26f1/Unity.app/Contents/MacOS/Unity
-adb2
-batchMode
-noUpm
-name
AssetImportWorker4
-projectPath
/Users/braydenthompson/turbo-kart-dash-racer-game
-logFile
Logs/AssetImportWorker4.log
-srvPort
60370
Successfully changed project path to: /Users/braydenthompson/turbo-kart-dash-racer-game
/Users/braydenthompson/turbo-kart-dash-racer-game
Using Asset Import Pipeline V2.
Refreshing native plugins compatible for Editor in 348.45 ms, found 2 plugins.
Preloading 0 native plugins for Editor in 0.00 ms.
Initialize engine version: 2020.3.26f1 (7298b473bc1a)
[Subsystems] Discovering subsystems at path /Applications/Unity/Hub/Editor/2020.3.26f1/Unity.app/Contents/Resources/UnitySubsystems
[Subsystems] Discovering subsystems at path /Users/braydenthompson/turbo-kart-dash-racer-game/Assets
GfxDevice: creating device client; threaded=0
2024-04-01 11:11:19.142 Unity[40645:1335133] Color LCD preferred device: Intel(R) Iris(TM) Plus Graphics (low power)
2024-04-01 11:11:19.142 Unity[40645:1335133] Metal devices available: 1
2024-04-01 11:11:19.143 Unity[40645:1335133] 0: Intel(R) Iris(TM) Plus Graphics (low power)
2024-04-01 11:11:19.144 Unity[40645:1335133] Using device Intel(R) Iris(TM) Plus Graphics (low power)
Initializing Metal device caps: Intel(R) Iris(TM) Plus Graphics
Initialize mono
Mono path[0] = '/Applications/Unity/Hub/Editor/2020.3.26f1/Unity.app/Contents/Managed'
Mono path[1] = '/Applications/Unity/Hub/Editor/2020.3.26f1/Unity.app/Contents/MonoBleedingEdge/lib/mono/unityjit'
Mono config path = '/Applications/Unity/Hub/Editor/2020.3.26f1/Unity.app/Contents/MonoBleedingEdge/etc'
Using monoOptions --debugger-agent=transport=dt_socket,embedding=1,server=y,suspend=n,address=127.0.0.1:56645
Begin MonoManager ReloadAssembly
Registering precompiled unity dll's ...
Register platform support module: /Applications/Unity/Hub/Editor/2020.3.26f1/PlaybackEngines/WebGLSupport/UnityEditor.WebGL.Extensions.dll
Register platform support module: /Applications/Unity/Hub/Editor/2020.3.26f1/Unity.app/Contents/PlaybackEngines/MacStandaloneSupport/UnityEditor.OSXStandalone.Extensions.dll
Register platform support module: /Applications/Unity/Hub/Editor/2020.3.26f1/PlaybackEngines/WindowsStandaloneSupport/UnityEditor.WindowsStandalone.Extensions.dll
Registered in 0.017344 seconds.
Native extension for WindowsStandalone target not found
Native extension for OSXStandalone target not found
Native extension for WebGL target not found
Refreshing native plugins compatible for Editor in 331.13 ms, found 2 plugins.
Preloading 0 native plugins for Editor in 0.00 ms.
Mono: successfully reloaded assembly
- Completed reload, in  4.656 seconds
Domain Reload Profiling:
	ReloadAssembly (4657ms)
		BeginReloadAssembly (451ms)
			ExecutionOrderSort (0ms)
			DisableScriptedObjects (0ms)
			BackupInstance (0ms)
			ReleaseScriptingObjects (0ms)
			CreateAndSetChildDomain (12ms)
		EndReloadAssembly (3386ms)
			LoadAssemblies (452ms)
			RebuildTransferFunctionScriptingTraits (1ms)
			SetupTypeCache (1413ms)
			ReleaseScriptCaches (0ms)
			RebuildScriptCaches (200ms)
			SetupLoadedEditorAssemblies (1174ms)
				LogAssemblyErrors (0ms)
				InitializePlatformSupportModulesInManaged (35ms)
				SetLoadedEditorAssemblies (1ms)
				RefreshPlugins (331ms)
				BeforeProcessingInitializeOnLoad (333ms)
				ProcessInitializeOnLoadAttributes (351ms)
				ProcessInitializeOnLoadMethodAttributes (121ms)
				AfterProcessingInitializeOnLoad (0ms)
				EditorAssembliesLoaded (1ms)
			ExecutionOrderSort2 (0ms)
			AwakeInstancesAfterBackupRestoration (0ms)
Platform modules already initialized, skipping
Registering precompiled user dll's ...
Registered in 0.019279 seconds.
Begin MonoManager ReloadAssembly
Native extension for WindowsStandalone target not found
Native extension for OSXStandalone target not found
Native extension for WebGL target not found
Refreshing native plugins compatible for Editor in 0.54 ms, found 2 plugins.
Preloading 0 native plugins for Editor in 0.00 ms.
Mono: successfully reloaded assembly
- Completed reload, in  2.758 seconds
Domain Reload Profiling:
	ReloadAssembly (2761ms)
		BeginReloadAssembly (441ms)
			ExecutionOrderSort (0ms)
			DisableScriptedObjects (13ms)
			BackupInstance (0ms)
			ReleaseScriptingObjects (0ms)
			CreateAndSetChildDomain (96ms)
		EndReloadAssembly (2183ms)
			LoadAssemblies (229ms)
			RebuildTransferFunctionScriptingTraits (0ms)
			SetupTypeCache (730ms)
			ReleaseScriptCaches (1ms)
			RebuildScriptCaches (100ms)
			SetupLoadedEditorAssemblies (889ms)
				LogAssemblyErrors (0ms)
				InitializePlatformSupportModulesInManaged (14ms)
				SetLoadedEditorAssemblies (1ms)
				RefreshPlugins (1ms)
				BeforeProcessingInitializeOnLoad (145ms)
				ProcessInitializeOnLoadAttributes (708ms)
				ProcessInitializeOnLoadMethodAttributes (19ms)
				AfterProcessingInitializeOnLoad (2ms)
				EditorAssembliesLoaded (0ms)
			ExecutionOrderSort2 (0ms)
			AwakeInstancesAfterBackupRestoration (12ms)
Platform modules already initialized, skipping
Validating Project structure ... 0.017534 seconds.
Shader import version has changed; will reimport all shaders...
Upgrading shader files ...0.049838 seconds.
Application.AssetDatabase Initial Script Refresh Start
RefreshInfo: InitialScriptRefreshV2(NoUpdateAssetOptions) scanfilter:  ... 1 filters
RefreshProfiler: Total: 0.000ms
Application.AssetDatabase Initial Script Refresh End
Application.AssetDatabase.Refresh Start
Application.AssetDatabase.Refresh End
RefreshInfo: StopAssetImportingV2(ForceSynchronousImport) scanfilter: 
RefreshProfiler: Total: 0.000ms
Launching external process: /Applications/Unity/Hub/Editor/2020.3.26f1/Unity.app/Contents/Tools/UnityShaderCompiler
Launched and connected shader compiler UnityShaderCompiler after 0.04 seconds
Initializing Unity extensions:
2024-04-01 11:11:32.210 Unity[40645:1335133] NSEventModifierFlagFunction specified to -setKeyEquivalentModifierMask: for item <NSMenuItem: 0x7fd6d9119dc0 Font Asset, ke='Command-F12'>, but is only supported for system-provided menu items; will not be used
2024-04-01 11:11:32.217 Unity[40645:1335133] NSEventModifierFlagFunction specified to -setKeyEquivalentModifierMask: for item <NSMenuItem: 0x7fd6db8b86b0 Font Asset, ke='Command-F12'>, but is only supported for system-provided menu items; will not be used
========================================================================
Worker process is ready to serve import requests
Refreshing native plugins compatible for Editor in 0.49 ms, found 2 plugins.
Preloading 0 native plugins for Editor in 0.00 ms.
Unloading 1565 Unused Serialized files (Serialized files now loaded: 0)
System memory in use before: 79.6 MB.
System memory in use after: 79.4 MB.

Unloading 118 unused Assets to reduce memory usage. Loaded Objects now: 2069.
Total: 3.697914 ms (FindLiveObjects: 0.159157 ms CreateObjectMapping: 0.056681 ms MarkObjects: 3.203886 ms  DeleteObjects: 0.276795 ms)

AssetImportParameters requested are different than current active one (requested -> active):
  custom:video-decoder-ogg-theora: a1e56fd34408186e4bbccfd4996cb3dc -> 
  custom:container-muxer-webm: aa71ff27fc2769a1b78a27578f13a17b -> 
  custom:container-demuxer-webm: 4f35f7cbe854078d1ac9338744f61a02 -> 
  custom:container-demuxer-ogg: 62fdf1f143b41e24485cea50d1cbac27 -> 
  custom:video-encoder-webm-vp8: eb34c28f22e8b96e1ab97ce403110664 -> 
  custom:framework-osx-AVFoundation: e770b220cccbd017edd2c1fefb359320 -> 
  custom:video-decoder-webm-vp8: 9c59270c3fd7afecdb556c50c9e8de78 -> 
  custom:audio-decoder-ogg-vorbis: bf7c407c2cedff20999df2af8eb42d56 -> 
  custom:audio-encoder-webm-vorbis: bf7c407c2cedff20999df2af8eb42d56 -> 
========================================================================
Received Import Request.
  path: Assets/Scripts/MenuManager.cs
  artifactKey: Guid(09bbbc5faee6049749fd6935f041c32f) Importer(815301076,1909f56bfc062723c751e8b465ee728b)
Start importing Assets/Scripts/MenuManager.cs using Guid(09bbbc5faee6049749fd6935f041c32f) Importer(815301076,1909f56bfc062723c751e8b465ee728b)  -> (artifact id: 'c03604b58d07abcdd01cea9cacd31e98') in 0.439259 seconds 
  Import took 0.452866 seconds .

========================================================================
Received Import Request.
  Time since last request: 0.000672 seconds.
  path: Assets/Scripts/ControlsMenu.cs
  artifactKey: Guid(547f7949c543c4aa69008e59c42ff526) Importer(815301076,1909f56bfc062723c751e8b465ee728b)
Start importing Assets/Scripts/ControlsMenu.cs using Guid(547f7949c543c4aa69008e59c42ff526) Importer(815301076,1909f56bfc062723c751e8b465ee728b)  -> (artifact id: '3559066f07ad788f65dab5ceb51eeceb') in 0.003918 seconds 
  Import took 0.008044 seconds .

========================================================================
Received Prepare
Registering precompiled user dll's ...
Registered in 0.032869 seconds.
Begin MonoManager ReloadAssembly
Native extension for WindowsStandalone target not found
Native extension for OSXStandalone target not found
Native extension for WebGL target not found
Refreshing native plugins compatible for Editor in 0.58 ms, found 2 plugins.
Preloading 0 native plugins for Editor in 0.00 ms.
Obtained 30 stack frames.
#0  0x000001072e4094 in -[CocoaMainMenu isUsingForwarderTarget:]
#1  0x000001072e49e4 in -[CocoaMainMenu rebuildMainMenu]
#2  0x000001061f3e4b in AssembliesWasReloaded()
#3  0x00000104e33c39 in CallbackArray::Invoke()
#4  0x000001056f2d91 in ProfilerCallbackInvoke<CallbackArray, &GlobalCallbacks::beforeProcessingInitializeOnLoad>::Invoke(char const*)
#5  0x000001056f29a7 in MonoManager::SetupLoadedEditorAssemblies(dynamic_array<int, 0ul> const&)
#6  0x000001056f51a8 in MonoManager::EndReloadAssembly(DomainReloadingData&, dynamic_bitset)
#7  0x000001056f30dc in MonoManager::ReloadAssembly()
#8  0x000001062e8b00 in LoadDomainAndUserAssemblies(bool)
#9  0x000001062eb3af in LoadUserAssemblies()
#10 0x00000106537cb9 in AssetImportWorkerClient::ReloadMonoDomain(AssetResolver&)
#11 0x0000010655a21c in invocation function for block in AssetImportWorkerClient::HandleMessage(PrepareMessage const&)::$_5::operator()() const
#12 0x007ff808f4259a in _dispatch_client_callout
#13 0x007ff808f4f513 in _dispatch_async_and_wait_invoke
#14 0x007ff808f4259a in _dispatch_client_callout
#15 0x007ff808f4e8e1 in _dispatch_main_queue_drain
#16 0x007ff808f4e4f2 in _dispatch_main_queue_callback_4CF
#17 0x007ff809205056 in __CFRUNLOOP_IS_SERVICING_THE_MAIN_DISPATCH_QUEUE__
#18 0x007ff8091c42b5 in __CFRunLoopRun
#19 0x007ff8091c3352 in CFRunLoopRunSpecific
#20 0x007ff813a659d9 in RunCurrentEventLoopInMode
#21 0x007ff813a657e6 in ReceiveNextEventCommon
#22 0x007ff813a65531 in _BlockUntilNextEventMatchingListInModeWithFilter
#23 0x007ff80c7d3885 in _DPSNextEvent
#24 0x007ff80d0c7348 in -[NSApplication(NSEventRouting) _nextEventMatchingEventMask:untilDate:inMode:dequeue:]
#25 0x007ff80c7c4dfa in -[NSApplication run]
#26 0x007ff80c798e10 in NSApplicationMain
#27 0x0000010730d231 in EditorMain(int, char const**)
#28 0x0000010730d459 in main
#29 0x007ff808d613a6 in start
